<?xml version="1.0" encoding="UTF-8"?>
<!-- Generated by org.testng.reporters.JUnitXMLReporter -->
<testsuite ignored="0" hostname="MacBook-Pro-KP.local" failures="0" tests="3" name="Surefire test" time="0.019" errors="0" timestamp="13 Oct 2017 19:45:09 GMT">
  <testcase classname="parameters.SampleTest" name="first" time="0.005"/>
  <testcase classname="parameters.SampleTest" name="second" time="0.0"/>
  <testcase classname="parameters.SampleTest" name="third" time="0.0"/>
</testsuite> <!-- Surefire test -->
