<?xml version="1.0" encoding="UTF-8"?>
<testng-results ignored="0" total="0" passed="0" failed="0" skipped="0">
  <reporter-output>
  </reporter-output>
  <suite started-at="2017-10-07T20:44:23Z" name="Suite1" finished-at="2017-10-07T20:44:23Z" duration-ms="61">
    <groups>
    </groups>
    <test started-at="2017-10-07T20:44:23Z" name="Nopackage" finished-at="2017-10-07T20:44:23Z" duration-ms="3">
    </test> <!-- Nopackage -->
    <test started-at="2017-10-07T20:44:23Z" name="Regression1" finished-at="2017-10-07T20:44:23Z" duration-ms="1">
    </test> <!-- Regression1 -->
  </suite> <!-- Suite1 -->
</testng-results>
