<?xml version="1.0" encoding="UTF-8"?>
<testng-results ignored="0" total="0" passed="0" failed="0" skipped="0">
  <reporter-output>
  </reporter-output>
  <suite started-at="2017-10-15T06:35:11Z" name="Suite1" finished-at="2017-10-15T06:35:11Z" duration-ms="79">
    <groups>
    </groups>
    <test started-at="2017-10-15T06:35:11Z" name="test1" finished-at="2017-10-15T06:35:11Z" duration-ms="3">
    </test> <!-- test1 -->
    <test started-at="2017-10-15T06:35:11Z" name="test2" finished-at="2017-10-15T06:35:11Z" duration-ms="1">
    </test> <!-- test2 -->
  </suite> <!-- Suite1 -->
</testng-results>
